C:\USERS\ALBERT.MILLAS\DESKTOP\SNOW-BROS\DEBUG\2DENGINE.EXE
C:\USERS\ALBERT.MILLAS\DESKTOP\SNOW-BROS\DEBUG\2DENGINE.EXE.EMBED.MANIFEST.RES
C:\USERS\ALBERT.MILLAS\DESKTOP\SNOW-BROS\DEBUG\2DENGINE.EXE.INTERMEDIATE.MANIFEST
C:\USERS\ALBERT.MILLAS\DESKTOP\SNOW-BROS\DEBUG\2DENGINE.ILK
C:\USERS\ALBERT.MILLAS\DESKTOP\SNOW-BROS\DEBUG\2DENGINE.PDB
C:\USERS\ALBERT.MILLAS\DESKTOP\SNOW-BROS\DEBUG\CBICHO.OBJ
C:\USERS\ALBERT.MILLAS\DESKTOP\SNOW-BROS\DEBUG\CDATA.OBJ
C:\USERS\ALBERT.MILLAS\DESKTOP\SNOW-BROS\DEBUG\CGAME.OBJ
C:\USERS\ALBERT.MILLAS\DESKTOP\SNOW-BROS\DEBUG\CMENU.OBJ
C:\USERS\ALBERT.MILLAS\DESKTOP\SNOW-BROS\DEBUG\CMONSTRE.OBJ
C:\USERS\ALBERT.MILLAS\DESKTOP\SNOW-BROS\DEBUG\CPLAYER.OBJ
C:\USERS\ALBERT.MILLAS\DESKTOP\SNOW-BROS\DEBUG\CSCENE.OBJ
C:\USERS\ALBERT.MILLAS\DESKTOP\SNOW-BROS\DEBUG\CSHOT.OBJ
C:\USERS\ALBERT.MILLAS\DESKTOP\SNOW-BROS\DEBUG\CTEXTURE.OBJ
C:\USERS\ALBERT.MILLAS\DESKTOP\SNOW-BROS\DEBUG\GLUTMAIN.OBJ
C:\USERS\ALBERT.MILLAS\DESKTOP\SNOW-BROS\DEBUG\VC100.PDB
C:\USERS\JOAN MARC\DESKTOP\SNOW-BROS\DEBUG\2DENGINE.EXE
C:\USERS\JOAN MARC\DESKTOP\SNOW-BROS\DEBUG\2DENGINE.EXE.EMBED.MANIFEST.RES
C:\USERS\JOAN MARC\DESKTOP\SNOW-BROS\DEBUG\2DENGINE.EXE.INTERMEDIATE.MANIFEST
C:\USERS\JOAN MARC\DESKTOP\SNOW-BROS\DEBUG\2DENGINE.ILK
C:\USERS\JOAN MARC\DESKTOP\SNOW-BROS\DEBUG\2DENGINE.PDB
C:\USERS\JOAN MARC\DESKTOP\SNOW-BROS\DEBUG\CBICHO.OBJ
C:\USERS\JOAN MARC\DESKTOP\SNOW-BROS\DEBUG\CDATA.OBJ
C:\USERS\JOAN MARC\DESKTOP\SNOW-BROS\DEBUG\CGAME.OBJ
C:\USERS\JOAN MARC\DESKTOP\SNOW-BROS\DEBUG\CMENU.OBJ
C:\USERS\JOAN MARC\DESKTOP\SNOW-BROS\DEBUG\CMONSTRE.OBJ
C:\USERS\JOAN MARC\DESKTOP\SNOW-BROS\DEBUG\CPLAYER.OBJ
C:\USERS\JOAN MARC\DESKTOP\SNOW-BROS\DEBUG\CSCENE.OBJ
C:\USERS\JOAN MARC\DESKTOP\SNOW-BROS\DEBUG\CSHOT.OBJ
C:\USERS\JOAN MARC\DESKTOP\SNOW-BROS\DEBUG\CTEXTURE.OBJ
C:\USERS\JOAN MARC\DESKTOP\SNOW-BROS\DEBUG\GLUTMAIN.OBJ
C:\USERS\JOAN MARC\DESKTOP\SNOW-BROS\DEBUG\VC100.PDB
C:\USERS\JOAN MARC\DOCUMENTS\GITHUB\SNOW-BROS\DEBUG\2DENGINE.EXE
C:\USERS\JOAN MARC\DOCUMENTS\GITHUB\SNOW-BROS\DEBUG\2DENGINE.EXE.EMBED.MANIFEST.RES
C:\USERS\JOAN MARC\DOCUMENTS\GITHUB\SNOW-BROS\DEBUG\2DENGINE.EXE.INTERMEDIATE.MANIFEST
C:\USERS\JOAN MARC\DOCUMENTS\GITHUB\SNOW-BROS\DEBUG\2DENGINE.ILK
C:\USERS\JOAN MARC\DOCUMENTS\GITHUB\SNOW-BROS\DEBUG\2DENGINE.PDB
C:\USERS\JOAN MARC\DOCUMENTS\GITHUB\SNOW-BROS\DEBUG\CBICHO.OBJ
C:\USERS\JOAN MARC\DOCUMENTS\GITHUB\SNOW-BROS\DEBUG\CDATA.OBJ
C:\USERS\JOAN MARC\DOCUMENTS\GITHUB\SNOW-BROS\DEBUG\CGAME.OBJ
C:\USERS\JOAN MARC\DOCUMENTS\GITHUB\SNOW-BROS\DEBUG\CMONSTRE.OBJ
C:\USERS\JOAN MARC\DOCUMENTS\GITHUB\SNOW-BROS\DEBUG\CPLAYER.OBJ
C:\USERS\JOAN MARC\DOCUMENTS\GITHUB\SNOW-BROS\DEBUG\CSCENE.OBJ
C:\USERS\JOAN MARC\DOCUMENTS\GITHUB\SNOW-BROS\DEBUG\CSHOT.OBJ
C:\USERS\JOAN MARC\DOCUMENTS\GITHUB\SNOW-BROS\DEBUG\CSHOTM.OBJ
C:\USERS\JOAN MARC\DOCUMENTS\GITHUB\SNOW-BROS\DEBUG\CSHOTP.OBJ
C:\USERS\JOAN MARC\DOCUMENTS\GITHUB\SNOW-BROS\DEBUG\CTEXTURE.OBJ
C:\USERS\JOAN MARC\DOCUMENTS\GITHUB\SNOW-BROS\DEBUG\GLUTMAIN.OBJ
C:\USERS\JOAN MARC\DOCUMENTS\GITHUB\SNOW-BROS\DEBUG\VC100.PDB
C:\USERS\NUXE\DOCUMENTS\GITHUB\SNOW-BROS\DEBUG\2DENGINE.EXE.EMBED.MANIFEST
C:\USERS\NUXE\DOCUMENTS\GITHUB\SNOW-BROS\DEBUG\2DENGINE.EXE.EMBED.MANIFEST.RES
C:\Users\nuXe\Documents\GitHub\Snow-Bros\Debug\2DEngine.exe.intermediate.manifest
C:\Users\nuXe\Documents\GitHub\Snow-Bros\Debug\2DEngine.pdb
C:\Users\nuXe\Documents\GitHub\Snow-Bros\Debug\2DEngine.vcxprojResolveAssemblyReference.cache
C:\Users\nuXe\Documents\GitHub\Snow-Bros\Debug\2DEngine.write.1.tlog
C:\Users\nuXe\Documents\GitHub\Snow-Bros\Debug\2DEngine_manifest.rc
C:\USERS\NUXE\DOCUMENTS\GITHUB\SNOW-BROS\DEBUG\CBICHO.OBJ
C:\USERS\NUXE\DOCUMENTS\GITHUB\SNOW-BROS\DEBUG\CDATA.OBJ
C:\USERS\NUXE\DOCUMENTS\GITHUB\SNOW-BROS\DEBUG\CGAME.OBJ
C:\Users\nuXe\Documents\GitHub\Snow-Bros\Debug\cl.command.1.tlog
C:\Users\nuXe\Documents\GitHub\Snow-Bros\Debug\CL.read.1.tlog
C:\Users\nuXe\Documents\GitHub\Snow-Bros\Debug\CL.write.1.tlog
C:\USERS\NUXE\DOCUMENTS\GITHUB\SNOW-BROS\DEBUG\CMENU.OBJ
C:\USERS\NUXE\DOCUMENTS\GITHUB\SNOW-BROS\DEBUG\CMONSTRE.OBJ
C:\USERS\NUXE\DOCUMENTS\GITHUB\SNOW-BROS\DEBUG\CPLAYER.OBJ
C:\USERS\NUXE\DOCUMENTS\GITHUB\SNOW-BROS\DEBUG\CSCENE.OBJ
C:\USERS\NUXE\DOCUMENTS\GITHUB\SNOW-BROS\DEBUG\CSHOT.OBJ
C:\Users\nuXe\Documents\GitHub\Snow-Bros\Debug\cShotM.obj
C:\Users\nuXe\Documents\GitHub\Snow-Bros\Debug\cShotP.obj
C:\USERS\NUXE\DOCUMENTS\GITHUB\SNOW-BROS\DEBUG\CTEXTURE.OBJ
C:\USERS\NUXE\DOCUMENTS\GITHUB\SNOW-BROS\DEBUG\GLUTMAIN.OBJ
C:\Users\nuXe\Documents\GitHub\Snow-Bros\Debug\link.command.1.tlog
C:\Users\nuXe\Documents\GitHub\Snow-Bros\Debug\link.read.1.tlog
C:\Users\nuXe\Documents\GitHub\Snow-Bros\Debug\link.write.1.tlog
C:\Users\nuXe\Documents\GitHub\Snow-Bros\Debug\link-cvtres.read.1.tlog
C:\Users\nuXe\Documents\GitHub\Snow-Bros\Debug\link-cvtres.write.1.tlog
C:\Users\nuXe\Documents\GitHub\Snow-Bros\Debug\mt.command.1.tlog
C:\Users\nuXe\Documents\GitHub\Snow-Bros\Debug\mt.read.1.tlog
C:\Users\nuXe\Documents\GitHub\Snow-Bros\Debug\mt.write.1.tlog
C:\Users\nuXe\Documents\GitHub\Snow-Bros\Debug\rc.command.1.tlog
C:\Users\nuXe\Documents\GitHub\Snow-Bros\Debug\rc.read.1.tlog
C:\Users\nuXe\Documents\GitHub\Snow-Bros\Debug\rc.write.1.tlog
C:\Users\nuXe\Documents\GitHub\Snow-Bros\Debug\vc100.idb
C:\USERS\NUXE\DOCUMENTS\GITHUB\SNOW-BROS\DEBUG\VC100.PDB
Debug\2DEngine.pdb
F:\WINDOWS\SNOW-BROS\DEBUG\2DENGINE.EXE.EMBED.MANIFEST.RES
F:\WINDOWS\SNOW-BROS\DEBUG\2DENGINE.PDB
F:\WINDOWS\SNOW-BROS\DEBUG\CBICHO.OBJ
F:\WINDOWS\SNOW-BROS\DEBUG\CDATA.OBJ
F:\WINDOWS\SNOW-BROS\DEBUG\CGAME.OBJ
F:\WINDOWS\SNOW-BROS\DEBUG\CMONSTRE.OBJ
F:\WINDOWS\SNOW-BROS\DEBUG\CPLAYER.OBJ
F:\WINDOWS\SNOW-BROS\DEBUG\CSCENE.OBJ
F:\WINDOWS\SNOW-BROS\DEBUG\CSHOT.OBJ
F:\WINDOWS\SNOW-BROS\DEBUG\CSHOTM.OBJ
F:\WINDOWS\SNOW-BROS\DEBUG\CSHOTP.OBJ
F:\WINDOWS\SNOW-BROS\DEBUG\CTEXTURE.OBJ
F:\WINDOWS\SNOW-BROS\DEBUG\GLUTMAIN.OBJ
F:\WINDOWS\SNOW-BROS\DEBUG\VC100.PDB
F:\WINDOWS\SNOW-BROS-MASTER\DEBUG\2DENGINE.PDB
F:\WINDOWS\SNOW-BROS-MASTER\DEBUG\CBICHO.OBJ
F:\WINDOWS\SNOW-BROS-MASTER\DEBUG\CDATA.OBJ
F:\WINDOWS\SNOW-BROS-MASTER\DEBUG\CGAME.OBJ
F:\WINDOWS\SNOW-BROS-MASTER\DEBUG\CMONSTRE.OBJ
F:\WINDOWS\SNOW-BROS-MASTER\DEBUG\CPLAYER.OBJ
F:\WINDOWS\SNOW-BROS-MASTER\DEBUG\CSCENE.OBJ
F:\WINDOWS\SNOW-BROS-MASTER\DEBUG\CSHOT.OBJ
F:\WINDOWS\SNOW-BROS-MASTER\DEBUG\CTEXTURE.OBJ
F:\WINDOWS\SNOW-BROS-MASTER\DEBUG\GLUTMAIN.OBJ
F:\WINDOWS\SNOW-BROS-MASTER\DEBUG\VC100.PDB
