Build started 29/03/2014 22:18:12.
     1>Project "C:\Users\nuXe\Documents\GitHub\Snow-Bros\2DEngine.vcxproj" on node 2 (build target(s)).
     1>InitializeBuildStatus:
         Creating "Debug\2DEngine.unsuccessfulbuild" because "AlwaysCreate" was specified.
       ClCompile:
         C:\Program Files (x86)\Microsoft Visual Studio 10.0\VC\bin\CL.exe /c /ZI /nologo /W3 /WX- /Od /Oy- /D WIN32 /D _DEBUG /D _CONSOLE /D _VC80_UPGRADE=0x0710 /D _MBCS /Gm /EHsc /RTC1 /MTd /GS /fp:precise /Zc:wchar_t /Zc:forScope /Fo"Debug\\" /Fd"Debug\vc100.pdb" /Gd /TP /analyze- /errorReport:prompt cPlayer.cpp
         cPlayer.cpp
     1>c:\users\nuxe\documents\github\snow-bros\cplayer.cpp(106): warning C4018: '<' : signed/unsigned mismatch
     1>c:\users\nuxe\documents\github\snow-bros\cplayer.cpp(121): warning C4101: 'i' : unreferenced local variable
     1>c:\users\nuxe\documents\github\snow-bros\cplayer.cpp(169): warning C4018: '<' : signed/unsigned mismatch
       Link:
         C:\Program Files (x86)\Microsoft Visual Studio 10.0\VC\bin\link.exe /ERRORREPORT:PROMPT /OUT:"Debug\2DEngine.exe" /INCREMENTAL:NO /NOLOGO kernel32.lib user32.lib gdi32.lib winspool.lib comdlg32.lib advapi32.lib shell32.lib ole32.lib oleaut32.lib uuid.lib odbc32.lib odbccp32.lib /MANIFEST /ManifestFile:"Debug\2DEngine.exe.intermediate.manifest" /MANIFESTUAC:"level='asInvoker' uiAccess='false'" /DEBUG /PDB:"Debug\2DEngine.pdb" /SUBSYSTEM:CONSOLE /TLBID:1 /DYNAMICBASE /NXCOMPAT /IMPLIB:"Debug\2DEngine.lib" /MACHINE:X86 Debug\cBicho.obj
         Debug\cData.obj
         Debug\cGame.obj
         Debug\cMenu.obj
         Debug\cMonstre.obj
         Debug\cPlayer.obj
         Debug\cScene.obj
         Debug\cShot.obj
         Debug\cTexture.obj
         Debug\GLUTMain.obj
     1>cBicho.obj : warning LNK4075: ignoring '/EDITANDCONTINUE' due to '/INCREMENTAL:NO' specification
         2DEngine.vcxproj -> C:\Users\nuXe\Documents\GitHub\Snow-Bros\Debug\2DEngine.exe
       Manifest:
         C:\Program Files (x86)\Microsoft SDKs\Windows\v7.0A\bin\mt.exe /nologo /verbose /outputresource:"Debug\2DEngine.exe;#1" /manifest Debug\2DEngine.exe.intermediate.manifest
       FinalizeBuildStatus:
         Deleting file "Debug\2DEngine.unsuccessfulbuild".
         Touching "Debug\2DEngine.lastbuildstate".
     1>Done Building Project "C:\Users\nuXe\Documents\GitHub\Snow-Bros\2DEngine.vcxproj" (build target(s)).

Build succeeded.

Time Elapsed 00:00:02.77
